2018-06-30 23:27:00
array(3) {
  ["title"]=>  string(12) "个人博客"
  ["top3"]=>  array(0) {
  }
  ["top6"]=>  array(0) {
  }
}

2018-06-30 23:30:57
array(3) {
  ["title"]=>  string(12) "个人博客"
  ["top3"]=>  array(3) {
    [0]=>    array(5) {
      ["article_id"]=>      string(1) "3"
      ["title"]=>      string(4) "eeee"
      ["content"]=>      string(12) "bbbbbbbbbbbb"
      ["article_image"]=>      string(0) ""
      ["create_date"]=>      string(19) "2018-06-30 20:13:48"
    }
    [1]=>    array(5) {
      ["article_id"]=>      string(1) "1"
      ["title"]=>      string(3) "sss"
      ["content"]=>      string(9) "sssasadas"
      ["article_image"]=>      string(0) ""
      ["create_date"]=>      string(19) "2018-05-24 21:33:54"
    }
    [2]=>    array(5) {
      ["article_id"]=>      string(1) "2"
      ["title"]=>      string(5) "11111"
      ["content"]=>      string(7) "2222222"
      ["article_image"]=>      string(0) ""
      ["create_date"]=>      string(19) "2018-06-30 00:00:00"
    }
  }
  ["top6"]=>  array(0) {
  }
}

